Unity Editor version:    2020.3.33f1 (915a7af8b0d5)
Branch:                  2020.3/staging
Build type:              Release
Batch mode:              YES
macOS version:           Version 11.5.2 (Build 20G95)
Darwin version:          20.6.0
Architecture:            x86_64
Running under Rosetta:   NO
Available memory:        8192 MB
Using pre-set license
Pro License: NO

COMMAND LINE ARGUMENTS:
/Applications/Unity/Hub/Editor/2020.3.33f1/Unity.app/Contents/MacOS/Unity
-adb2
-batchMode
-noUpm
-name
AssetImportWorker0
-projectPath
/Users/t4lby/repos/BlobWars
-logFile
Logs/AssetImportWorker0.log
-srvPort
54017
Successfully changed project path to: /Users/t4lby/repos/BlobWars
/Users/t4lby/repos/BlobWars
Using Asset Import Pipeline V2.
Refreshing native plugins compatible for Editor in 52.22 ms, found 2 plugins.
Preloading 0 native plugins for Editor in 0.00 ms.
Initialize engine version: 2020.3.33f1 (915a7af8b0d5)
[Subsystems] Discovering subsystems at path /Applications/Unity/Hub/Editor/2020.3.33f1/Unity.app/Contents/Resources/UnitySubsystems
[Subsystems] Discovering subsystems at path /Users/t4lby/repos/BlobWars/Assets
GfxDevice: creating device client; threaded=0
2022-10-13 21:29:36.550 Unity[2751:152769] Color LCD preferred device: Intel(R) Iris(TM) Graphics 6100 (low power)
2022-10-13 21:29:36.550 Unity[2751:152769] Metal devices available: 1
2022-10-13 21:29:36.550 Unity[2751:152769] 0: Intel(R) Iris(TM) Graphics 6100 (low power)
2022-10-13 21:29:36.551 Unity[2751:152769] Using device Intel(R) Iris(TM) Graphics 6100 (low power)
Initializing Metal device caps: Intel(R) Iris(TM) Graphics 6100
Initialize mono
Mono path[0] = '/Applications/Unity/Hub/Editor/2020.3.33f1/Unity.app/Contents/Managed'
Mono path[1] = '/Applications/Unity/Hub/Editor/2020.3.33f1/Unity.app/Contents/MonoBleedingEdge/lib/mono/unityjit'
Mono config path = '/Applications/Unity/Hub/Editor/2020.3.33f1/Unity.app/Contents/MonoBleedingEdge/etc'
Using monoOptions --debugger-agent=transport=dt_socket,embedding=1,server=y,suspend=n,address=127.0.0.1:56751
Begin MonoManager ReloadAssembly
Registering precompiled unity dll's ...
Register platform support module: /Applications/Unity/Hub/Editor/2020.3.33f1/Unity.app/Contents/PlaybackEngines/MacStandaloneSupport/UnityEditor.OSXStandalone.Extensions.dll
Registered in 0.003132 seconds.
Native extension for OSXStandalone target not found
Refreshing native plugins compatible for Editor in 44.63 ms, found 2 plugins.
Preloading 0 native plugins for Editor in 0.00 ms.
Mono: successfully reloaded assembly
- Completed reload, in  1.072 seconds
Domain Reload Profiling:
	ReloadAssembly (1072ms)
		BeginReloadAssembly (117ms)
			ExecutionOrderSort (0ms)
			DisableScriptedObjects (0ms)
			BackupInstance (0ms)
			ReleaseScriptingObjects (0ms)
			CreateAndSetChildDomain (1ms)
		EndReloadAssembly (833ms)
			LoadAssemblies (117ms)
			RebuildTransferFunctionScriptingTraits (0ms)
			SetupTypeCache (310ms)
			ReleaseScriptCaches (0ms)
			RebuildScriptCaches (77ms)
			SetupLoadedEditorAssemblies (312ms)
				LogAssemblyErrors (0ms)
				InitializePlatformSupportModulesInManaged (8ms)
				SetLoadedEditorAssemblies (0ms)
				RefreshPlugins (45ms)
				BeforeProcessingInitializeOnLoad (40ms)
				ProcessInitializeOnLoadAttributes (175ms)
				ProcessInitializeOnLoadMethodAttributes (44ms)
				AfterProcessingInitializeOnLoad (0ms)
				EditorAssembliesLoaded (0ms)
			ExecutionOrderSort2 (0ms)
			AwakeInstancesAfterBackupRestoration (0ms)
Platform modules already initialized, skipping
Registering precompiled user dll's ...
Registered in 0.003556 seconds.
Begin MonoManager ReloadAssembly
Symbol file LoadedFromMemory doesn't match image /Users/t4lby/repos/BlobWars/Library/PackageCache/com.unity.collab-proxy@1.15.15/Lib/Editor/PlasticSCM/unityplastic.dll
Native extension for OSXStandalone target not found
Refreshing native plugins compatible for Editor in 0.38 ms, found 2 plugins.
Preloading 0 native plugins for Editor in 0.00 ms.
Mono: successfully reloaded assembly
- Completed reload, in  1.729 seconds
Domain Reload Profiling:
	ReloadAssembly (1731ms)
		BeginReloadAssembly (259ms)
			ExecutionOrderSort (0ms)
			DisableScriptedObjects (7ms)
			BackupInstance (0ms)
			ReleaseScriptingObjects (0ms)
			CreateAndSetChildDomain (50ms)
		EndReloadAssembly (1373ms)
			LoadAssemblies (142ms)
			RebuildTransferFunctionScriptingTraits (0ms)
			SetupTypeCache (534ms)
			ReleaseScriptCaches (0ms)
			RebuildScriptCaches (78ms)
			SetupLoadedEditorAssemblies (460ms)
				LogAssemblyErrors (0ms)
				InitializePlatformSupportModulesInManaged (6ms)
				SetLoadedEditorAssemblies (1ms)
				RefreshPlugins (0ms)
				BeforeProcessingInitializeOnLoad (102ms)
				ProcessInitializeOnLoadAttributes (324ms)
				ProcessInitializeOnLoadMethodAttributes (25ms)
				AfterProcessingInitializeOnLoad (2ms)
				EditorAssembliesLoaded (0ms)
			ExecutionOrderSort2 (0ms)
			AwakeInstancesAfterBackupRestoration (9ms)
Platform modules already initialized, skipping
Validating Project structure ... 0.000985 seconds.
Shader import version has changed; will reimport all shaders...
Upgrading shader files ...0.000805 seconds.
Application.AssetDatabase Initial Script Refresh Start
RefreshInfo: InitialScriptRefreshV2(NoUpdateAssetOptions) scanfilter:  ... 1 filters
RefreshProfiler: Total: 0.000ms
Application.AssetDatabase Initial Script Refresh End
Application.AssetDatabase.Refresh Start
Application.AssetDatabase.Refresh End
RefreshInfo: StopAssetImportingV2(ForceSynchronousImport) scanfilter: 
RefreshProfiler: Total: 0.000ms
Launching external process: /Applications/Unity/Hub/Editor/2020.3.33f1/Unity.app/Contents/Tools/UnityShaderCompiler
Launched and connected shader compiler UnityShaderCompiler after 0.02 seconds
Initializing Unity extensions:
========================================================================
Worker process is ready to serve import requests
Refreshing native plugins compatible for Editor in 0.36 ms, found 2 plugins.
Preloading 0 native plugins for Editor in 0.00 ms.
Unloading 1602 Unused Serialized files (Serialized files now loaded: 0)
System memory in use before: 195.0 MB.
System memory in use after: 194.7 MB.

Unloading 84 unused Assets to reduce memory usage. Loaded Objects now: 2094.
Total: 3.875658 ms (FindLiveObjects: 0.222393 ms CreateObjectMapping: 0.117091 ms MarkObjects: 3.272146 ms  DeleteObjects: 0.263156 ms)

AssetImportParameters requested are different than current active one (requested -> active):
  custom:video-decoder-ogg-theora: a1e56fd34408186e4bbccfd4996cb3dc -> 
  custom:container-muxer-webm: aa71ff27fc2769a1b78a27578f13a17b -> 
  custom:container-demuxer-webm: 4f35f7cbe854078d1ac9338744f61a02 -> 
  custom:container-demuxer-ogg: 62fdf1f143b41e24485cea50d1cbac27 -> 
  custom:video-encoder-webm-vp8: eb34c28f22e8b96e1ab97ce403110664 -> 
  custom:framework-osx-AVFoundation: e770b220cccbd017edd2c1fefb359320 -> 
  custom:video-decoder-webm-vp8: 9c59270c3fd7afecdb556c50c9e8de78 -> 
  custom:audio-decoder-ogg-vorbis: bf7c407c2cedff20999df2af8eb42d56 -> 
  custom:audio-encoder-webm-vorbis: bf7c407c2cedff20999df2af8eb42d56 -> 
========================================================================
Received Import Request.
  path: Assets/Models/Blob Tree 1 v1.fbx
  artifactKey: Guid(ff09a382848314a7590afdf03ed30abe) Importer(815301076,1909f56bfc062723c751e8b465ee728b)
Start importing Assets/Models/Blob Tree 1 v1.fbx using Guid(ff09a382848314a7590afdf03ed30abe) Importer(815301076,1909f56bfc062723c751e8b465ee728b)  -> (artifact id: '1b2dd9ffff6c37475683e6884c575021') in 1.655585 seconds 
========================================================================
Received Import Request.
  Time since last request: 118.030819 seconds.
  path: Assets/Models/Blob Tree 1.obj
  artifactKey: Guid(47c5552f3c54a470a89a3a4308a63ce3) Importer(815301076,1909f56bfc062723c751e8b465ee728b)
Start importing Assets/Models/Blob Tree 1.obj using Guid(47c5552f3c54a470a89a3a4308a63ce3) Importer(815301076,1909f56bfc062723c751e8b465ee728b)  -> (artifact id: 'd9ef68fb60bd8326551ebf8d8df6ba76') in 0.675680 seconds 
========================================================================
Received Import Request.
  Time since last request: 27.225199 seconds.
  path: Assets/Models/Blob Tree 1.obj
  artifactKey: Guid(47c5552f3c54a470a89a3a4308a63ce3) Importer(815301076,1909f56bfc062723c751e8b465ee728b)
Start importing Assets/Models/Blob Tree 1.obj using Guid(47c5552f3c54a470a89a3a4308a63ce3) Importer(815301076,1909f56bfc062723c751e8b465ee728b)  -> (artifact id: 'a4b636bf208278472eac4df19728161e') in 0.079496 seconds 
========================================================================
Received Import Request.
  Time since last request: 154.243488 seconds.
  path: Assets/Models/Blob Tree 1 v1.fbx
  artifactKey: Guid(ff09a382848314a7590afdf03ed30abe) Importer(815301076,1909f56bfc062723c751e8b465ee728b)
Start importing Assets/Models/Blob Tree 1 v1.fbx using Guid(ff09a382848314a7590afdf03ed30abe) Importer(815301076,1909f56bfc062723c751e8b465ee728b)  -> (artifact id: '969ad4818428beb752ace95c748f4970') in 0.183518 seconds 
========================================================================
Received Import Request.
  Time since last request: 26.750116 seconds.
  path: Assets/Models/Blob Tree 1 v1.fbx
  artifactKey: Guid(ff09a382848314a7590afdf03ed30abe) Importer(815301076,1909f56bfc062723c751e8b465ee728b)
Start importing Assets/Models/Blob Tree 1 v1.fbx using Guid(ff09a382848314a7590afdf03ed30abe) Importer(815301076,1909f56bfc062723c751e8b465ee728b)  -> (artifact id: '0aa210134556d7b2de32b4806bf0e274') in 0.163148 seconds 
========================================================================
Received Import Request.
  Time since last request: 88.044800 seconds.
  path: Assets/Models/Blob Tree 1 v1.fbx
  artifactKey: Guid(ff09a382848314a7590afdf03ed30abe) Importer(815301076,1909f56bfc062723c751e8b465ee728b)
Start importing Assets/Models/Blob Tree 1 v1.fbx using Guid(ff09a382848314a7590afdf03ed30abe) Importer(815301076,1909f56bfc062723c751e8b465ee728b)  -> (artifact id: 'b81b579f8b31432cc2692849d205d778') in 0.159799 seconds 
========================================================================
Received Import Request.
  Time since last request: 95.129545 seconds.
  path: Assets/Materials
  artifactKey: Guid(316f1fbc7fd6b417c87e844b719f787b) Importer(815301076,1909f56bfc062723c751e8b465ee728b)
Start importing Assets/Materials using Guid(316f1fbc7fd6b417c87e844b719f787b) Importer(815301076,1909f56bfc062723c751e8b465ee728b)  -> (artifact id: 'fa8f083f6654dc6677c35d51fc37e0d9') in 0.002558 seconds 
========================================================================
Received Import Request.
  Time since last request: 17.445865 seconds.
  path: Assets/Materials/TreeLeaf1.mat
  artifactKey: Guid(05e1e6be0b4174c7aa6d8f87b2d23134) Importer(815301076,1909f56bfc062723c751e8b465ee728b)
Start importing Assets/Materials/TreeLeaf1.mat using Guid(05e1e6be0b4174c7aa6d8f87b2d23134) Importer(815301076,1909f56bfc062723c751e8b465ee728b)  -> (artifact id: '273f21486392d2493ca7f5d92b6ea896') in 0.495796 seconds 
========================================================================
Received Import Request.
  Time since last request: 87.153278 seconds.
  path: Assets/Materials/TreeBark1.mat
  artifactKey: Guid(08e1864d9a54040dd9c15115a2b2a3b8) Importer(815301076,1909f56bfc062723c751e8b465ee728b)
Start importing Assets/Materials/TreeBark1.mat using Guid(08e1864d9a54040dd9c15115a2b2a3b8) Importer(815301076,1909f56bfc062723c751e8b465ee728b)  -> (artifact id: '7c7e464750081dda333d72bdeb0f287d') in 0.088718 seconds 
========================================================================
Received Import Request.
  Time since last request: 76.703998 seconds.
  path: Assets/Materials/TreeBark1.mat
  artifactKey: Guid(08e1864d9a54040dd9c15115a2b2a3b8) Importer(815301076,1909f56bfc062723c751e8b465ee728b)
Start importing Assets/Materials/TreeBark1.mat using Guid(08e1864d9a54040dd9c15115a2b2a3b8) Importer(815301076,1909f56bfc062723c751e8b465ee728b)  -> (artifact id: 'f89aec3aeee0fb4ec81d853821f933cf') in 0.023919 seconds 
========================================================================
Received Import Request.
  Time since last request: 0.000462 seconds.
  path: Assets/Materials/TreeLeaf1.mat
  artifactKey: Guid(05e1e6be0b4174c7aa6d8f87b2d23134) Importer(815301076,1909f56bfc062723c751e8b465ee728b)
Start importing Assets/Materials/TreeLeaf1.mat using Guid(05e1e6be0b4174c7aa6d8f87b2d23134) Importer(815301076,1909f56bfc062723c751e8b465ee728b)  -> (artifact id: '82ff6d38652407171f99bb974263ed37') in 0.051500 seconds 
========================================================================
Received Import Request.
  Time since last request: 39.056853 seconds.
  path: Assets/Models/Blob Swordsman.fbx
  artifactKey: Guid(20309aeb0f7cdb546bfef7768150e194) Importer(815301076,1909f56bfc062723c751e8b465ee728b)
Start importing Assets/Models/Blob Swordsman.fbx using Guid(20309aeb0f7cdb546bfef7768150e194) Importer(815301076,1909f56bfc062723c751e8b465ee728b)  -> (artifact id: 'f16bdc5c2505bd019d5ddd8ebd43141a') in 0.190685 seconds 
========================================================================
Received Import Request.
  Time since last request: 24.801126 seconds.
  path: Assets/Models/Blob Tree 1 v1.fbx
  artifactKey: Guid(ff09a382848314a7590afdf03ed30abe) Importer(815301076,1909f56bfc062723c751e8b465ee728b)
Start importing Assets/Models/Blob Tree 1 v1.fbx using Guid(ff09a382848314a7590afdf03ed30abe) Importer(815301076,1909f56bfc062723c751e8b465ee728b)  -> (artifact id: '9ae0fd030130fea86e06c86f8ee4b58a') in 0.201825 seconds 
========================================================================
Received Import Request.
  Time since last request: 308.323963 seconds.
  path: Assets/Prefabs/Tree 1.prefab
  artifactKey: Guid(56a18e00b041a4743ac2ae1fcfb33d4a) Importer(815301076,1909f56bfc062723c751e8b465ee728b)
Start importing Assets/Prefabs/Tree 1.prefab using Guid(56a18e00b041a4743ac2ae1fcfb33d4a) Importer(815301076,1909f56bfc062723c751e8b465ee728b)  -> (artifact id: '910a8eb5a186c9065f3aad628f46ccbf') in 0.249557 seconds 
AssetImportWorkerClient::OnTransportError - code=2 error=End of file
